This is XeTeX, Version 3.141592653-2.6-0.999993 (TeX Live 2022/dev/Debian) (preloaded format=xelatex 2025.6.27)  12 AUG 2025 21:32
entering extended mode
 restricted \write18 enabled.
 file:line:error style messages enabled.
 %&-line parsing enabled.
**main
(./main.tex
LaTeX2e <2021-11-15> patch level 1
L3 programming layer <2022-01-21> (/usr/share/texlive/texmf-dist/tex/latex/elsarticle/elsarticle.cls
Document Class: elsarticle 2020/11/20, 3.3: Elsevier Ltd
(/usr/share/texlive/texmf-dist/tex/latex/l3kernel/expl3.sty
Package: expl3 2022-01-21 L3 programming layer (loader) 
 (/usr/share/texlive/texmf-dist/tex/latex/l3backend/l3backend-xetex.def
File: l3backend-xetex.def 2022-01-12 L3 backend support: XeTeX
 (|extractbb --version)
\c__kernel_sys_dvipdfmx_version_int=\count181
\l__color_backend_stack_int=\count182
\g__color_backend_stack_int=\count183
\g__graphics_track_int=\count184
\l__pdf_internal_box=\box50
\g__pdf_backend_object_int=\count185
\g__pdf_backend_annotation_int=\count186
\g__pdf_backend_link_int=\count187
)) (/usr/share/texlive/texmf-dist/tex/latex/l3packages/xparse/xparse.sty
Package: xparse 2022-01-12 L3 Experimental document command parser
) (/usr/share/texlive/texmf-dist/tex/latex/etoolbox/etoolbox.sty
Package: etoolbox 2020/10/05 v2.5k e-TeX tools for LaTeX (JAW)
\etb@tempcnta=\count188
)
\@bls=\dimen138
 (/usr/share/texlive/texmf-dist/tex/latex/base/article.cls
Document Class: article 2021/10/04 v1.4n Standard LaTeX document class
(/usr/share/texlive/texmf-dist/tex/latex/base/size12.clo
File: size12.clo 2021/10/04 v1.4n Standard LaTeX file (size option)
)
\c@part=\count189
\c@section=\count190
\c@subsection=\count191
\c@subsubsection=\count192
\c@paragraph=\count193
\c@subparagraph=\count194
\c@figure=\count195
\c@table=\count196
\abovecaptionskip=\skip47
\belowcaptionskip=\skip48
\bibindent=\dimen139
) (/usr/share/texlive/texmf-dist/tex/latex/graphics/graphicx.sty
Package: graphicx 2021/09/16 v1.2d Enhanced LaTeX Graphics (DPC,SPQR)
 (/usr/share/texlive/texmf-dist/tex/latex/graphics/keyval.sty
Package: keyval 2014/10/28 v1.15 key=value parser (DPC)
\KV@toks@=\toks16
) (/usr/share/texlive/texmf-dist/tex/latex/graphics/graphics.sty
Package: graphics 2021/03/04 v1.4d Standard LaTeX Graphics (DPC,SPQR)
 (/usr/share/texlive/texmf-dist/tex/latex/graphics/trig.sty
Package: trig 2021/08/11 v1.11 sin cos tan (DPC)
) (/usr/share/texlive/texmf-dist/tex/latex/graphics-cfg/graphics.cfg
File: graphics.cfg 2016/06/04 v1.11 sample graphics configuration
)
Package graphics Info: Driver file: xetex.def on input line 107.
 (/usr/share/texlive/texmf-dist/tex/latex/graphics-def/xetex.def
File: xetex.def 2021/03/18 v5.0k Graphics/color driver for xetex
))
\Gin@req@height=\dimen140
\Gin@req@width=\dimen141
)
\c@tnote=\count197
\c@fnote=\count198
\c@cnote=\count199
\c@ead=\count266
\c@author=\count267
\@eadauthor=\toks17
\c@affn=\count268
\absbox=\box51
\elsarticlehighlightsbox=\box52
\elsarticlegrabsbox=\box53
\keybox=\box54
\Columnwidth=\dimen142
\space@left=\dimen143
\els@boxa=\box55
\els@boxb=\box56
\leftMargin=\dimen144
\@enLab=\toks18
\@sep=\skip49
\@@sep=\skip50
 (/usr/share/texlive/texmf-dist/tex/latex/natbib/natbib.sty
Package: natbib 2010/09/13 8.31b (PWD, AO)
\bibhang=\skip51
\bibsep=\skip52
LaTeX Info: Redefining \cite on input line 694.
\c@NAT@ctr=\count269
)
\splwrite=\write3
\openout3 = `main.spl'.

\appnamewidth=\dimen145
) (/usr/share/texlive/texmf-dist/tex/latex/base/fontenc.sty
Package: fontenc 2021/04/29 v2.0v Standard LaTeX package
LaTeX Font Info:    Trying to load font information for T1+lmr on input line 112.
 (/usr/share/texmf/tex/latex/lm/t1lmr.fd
File: t1lmr.fd 2009/10/30 v1.6 Font defs for Latin Modern
)) (/usr/share/texlive/texmf-dist/tex/latex/bera/beramono.sty
Package: beramono 2004/01/31 (WaS)
) (/usr/share/texlive/texmf-dist/tex/latex/microtype/microtype.sty
Package: microtype 2021/12/10 v3.0b Micro-typographical refinements (RS)
\MT@toks=\toks19
\MT@count=\count270
\MT@tempbox=\box57
LaTeX Info: Redefining \leftprotrusion on input line 1010.
LaTeX Info: Redefining \rightprotrusion on input line 1018.
LaTeX Info: Redefining \textls on input line 1173.
\MT@outer@kern=\dimen146
LaTeX Info: Redefining \textmicrotypecontext on input line 1759.
\MT@listname@count=\count271
 (/usr/share/texlive/texmf-dist/tex/latex/microtype/microtype-xetex.def
File: microtype-xetex.def 2021/12/10 v3.0b Definitions specific to xetex (RS)
LaTeX Info: Redefining \lsstyle on input line 234.
)
Package microtype Info: Loading configuration file microtype.cfg.
 (/usr/share/texlive/texmf-dist/tex/latex/microtype/microtype.cfg
File: microtype.cfg 2021/12/10 v3.0b microtype main configuration file (RS)
)) (/usr/share/texlive/texmf-dist/tex/latex/amsmath/amsmath.sty
Package: amsmath 2021/10/15 v2.17l AMS math features
\@mathmargin=\skip53

For additional information on amsmath, use the `?' option.
(/usr/share/texlive/texmf-dist/tex/latex/amsmath/amstext.sty
Package: amstext 2021/08/26 v2.01 AMS text
 (/usr/share/texlive/texmf-dist/tex/latex/amsmath/amsgen.sty
File: amsgen.sty 1999/11/30 v2.0 generic functions
\@emptytoks=\toks20
\ex@=\dimen147
)) (/usr/share/texlive/texmf-dist/tex/latex/amsmath/amsbsy.sty
Package: amsbsy 1999/11/29 v1.2d Bold Symbols
\pmbraise@=\dimen148
) (/usr/share/texlive/texmf-dist/tex/latex/amsmath/amsopn.sty
Package: amsopn 2021/08/26 v2.02 operator names
)
\inf@bad=\count272
LaTeX Info: Redefining \frac on input line 234.
\uproot@=\count273
\leftroot@=\count274
LaTeX Info: Redefining \overline on input line 399.
\classnum@=\count275
\DOTSCASE@=\count276
LaTeX Info: Redefining \ldots on input line 496.
LaTeX Info: Redefining \dots on input line 499.
LaTeX Info: Redefining \cdots on input line 620.
\Mathstrutbox@=\box58
\strutbox@=\box59
\big@size=\dimen149
LaTeX Font Info:    Redeclaring font encoding OML on input line 743.
LaTeX Font Info:    Redeclaring font encoding OMS on input line 744.
\macc@depth=\count277
\c@MaxMatrixCols=\count278
\dotsspace@=\muskip16
\c@parentequation=\count279
\dspbrk@lvl=\count280
\tag@help=\toks21
\row@=\count281
\column@=\count282
\maxfields@=\count283
\andhelp@=\toks22
\eqnshift@=\dimen150
\alignsep@=\dimen151
\tagshift@=\dimen152
\tagwidth@=\dimen153
\totwidth@=\dimen154
\lineht@=\dimen155
\@envbody=\toks23
\multlinegap=\skip54
\multlinetaggap=\skip55
\mathdisplay@stack=\toks24
LaTeX Info: Redefining \[ on input line 2938.
LaTeX Info: Redefining \] on input line 2939.
) (/usr/share/texlive/texmf-dist/tex/latex/caption/subcaption.sty
Package: subcaption 2020/10/07 v1.3j Sub-captions (AR)
 (/usr/share/texlive/texmf-dist/tex/latex/caption/caption.sty
Package: caption 2020/10/26 v3.5g Customizing captions (AR)
 (/usr/share/texlive/texmf-dist/tex/latex/caption/caption3.sty
Package: caption3 2020/10/21 v2.2e caption3 kernel (AR)
\captionmargin=\dimen156
\captionmargin@=\dimen157
\captionwidth=\dimen158
\caption@tempdima=\dimen159
\caption@indent=\dimen160
\caption@parindent=\dimen161
\caption@hangindent=\dimen162
Package caption Info: elsarticle document class detected.
 (/usr/share/texlive/texmf-dist/tex/latex/caption/caption-elsarticle.sto
File: caption-elsarticle.sto 2020/08/22 v2.0 Adaption of the caption package to the elsarticle document class (AR)
))
\c@caption@flags=\count284
\c@continuedfloat=\count285
)
\c@subfigure=\count286
\c@subtable=\count287
) (/usr/share/texlive/texmf-dist/tex/latex/float/float.sty
Package: float 2001/11/08 v1.3d Float enhancements (AL)
\c@float@type=\count288
\float@exts=\toks25
\float@box=\box60
\@float@everytoks=\toks26
\@floatcapt=\box61
) (/usr/share/texlive/texmf-dist/tex/latex/amsfonts/amsfonts.sty
Package: amsfonts 2013/01/14 v3.01 Basic AMSFonts support
\symAMSa=\mathgroup4
\symAMSb=\mathgroup5
LaTeX Font Info:    Redeclaring math symbol \hbar on input line 98.
LaTeX Font Info:    Overwriting math alphabet `\mathfrak' in version `bold'
(Font)                  U/euf/m/n --> U/euf/b/n on input line 106.
) (/usr/share/texlive/texmf-dist/tex/latex/mathtools/mathtools.sty
Package: mathtools 2021/02/02 v1.28 mathematical typesetting tools
 (/usr/share/texlive/texmf-dist/tex/latex/tools/calc.sty
Package: calc 2017/05/25 v4.3 Infix arithmetic (KKT,FJ)
\calc@Acount=\count289
\calc@Bcount=\count290
\calc@Adimen=\dimen163
\calc@Bdimen=\dimen164
\calc@Askip=\skip56
\calc@Bskip=\skip57
LaTeX Info: Redefining \setlength on input line 80.
LaTeX Info: Redefining \addtolength on input line 81.
\calc@Ccount=\count291
\calc@Cskip=\skip58
) (/usr/share/texlive/texmf-dist/tex/latex/mathtools/mhsetup.sty
Package: mhsetup 2021/03/18 v1.4 programming setup (MH)
)
\g_MT_multlinerow_int=\count292
\l_MT_multwidth_dim=\dimen165
\origjot=\skip59
\l_MT_shortvdotswithinadjustabove_dim=\dimen166
\l_MT_shortvdotswithinadjustbelow_dim=\dimen167
\l_MT_above_intertext_sep=\dimen168
\l_MT_below_intertext_sep=\dimen169
\l_MT_above_shortintertext_sep=\dimen170
\l_MT_below_shortintertext_sep=\dimen171
\xmathstrut@box=\box62
\xmathstrut@dim=\dimen172
) (/usr/share/texlive/texmf-dist/tex/latex/tools/bm.sty
Package: bm 2021/04/25 v1.2e Bold Symbol Support (DPC/FMi)
\symboldoperators=\mathgroup6
\symboldletters=\mathgroup7
\symboldsymbols=\mathgroup8
Package bm Info: No bold for \OMX/cmex/m/n, using \pmb.
Package bm Info: No bold for \U/msa/m/n, using \pmb.
Package bm Info: No bold for \U/msb/m/n, using \pmb.
LaTeX Font Info:    Redeclaring math alphabet \mathbf on input line 149.
) (/usr/share/texlive/texmf-dist/tex/latex/carlisle/slashed.sty
Package: slashed 1997/01/16 v0.01 Feynman Slashed Character Notation (DPC)
) (/usr/share/texlive/texmf-dist/tex/latex/amsfonts/amssymb.sty
Package: amssymb 2013/01/14 v3.01 AMS font symbols
) (/usr/share/texlive/texmf-dist/tex/latex/hyperref/hyperref.sty
Package: hyperref 2021-06-07 v7.00m Hypertext links for LaTeX
 (/usr/share/texlive/texmf-dist/tex/generic/ltxcmds/ltxcmds.sty
Package: ltxcmds 2020-05-10 v1.25 LaTeX kernel commands for general use (HO)
) (/usr/share/texlive/texmf-dist/tex/generic/iftex/iftex.sty
Package: iftex 2020/03/06 v1.0d TeX engine tests
) (/usr/share/texlive/texmf-dist/tex/generic/pdftexcmds/pdftexcmds.sty
Package: pdftexcmds 2020-06-27 v0.33 Utility functions of pdfTeX for LuaTeX (HO)
 (/usr/share/texlive/texmf-dist/tex/generic/infwarerr/infwarerr.sty
Package: infwarerr 2019/12/03 v1.5 Providing info/warning/error messages (HO)
)
Package pdftexcmds Info: \pdf@primitive is available.
Package pdftexcmds Info: \pdf@ifprimitive is available.
Package pdftexcmds Info: \pdfdraftmode not found.
) (/usr/share/texlive/texmf-dist/tex/generic/kvsetkeys/kvsetkeys.sty
Package: kvsetkeys 2019/12/15 v1.18 Key value parser (HO)
) (/usr/share/texlive/texmf-dist/tex/generic/kvdefinekeys/kvdefinekeys.sty
Package: kvdefinekeys 2019-12-19 v1.6 Define keys (HO)
) (/usr/share/texlive/texmf-dist/tex/generic/pdfescape/pdfescape.sty
Package: pdfescape 2019/12/09 v1.15 Implements pdfTeX's escape features (HO)
) (/usr/share/texlive/texmf-dist/tex/latex/hycolor/hycolor.sty
Package: hycolor 2020-01-27 v1.10 Color options for hyperref/bookmark (HO)
) (/usr/share/texlive/texmf-dist/tex/latex/letltxmacro/letltxmacro.sty
Package: letltxmacro 2019/12/03 v1.6 Let assignment for LaTeX macros (HO)
) (/usr/share/texlive/texmf-dist/tex/latex/auxhook/auxhook.sty
Package: auxhook 2019-12-17 v1.6 Hooks for auxiliary files (HO)
) (/usr/share/texlive/texmf-dist/tex/latex/kvoptions/kvoptions.sty
Package: kvoptions 2020-10-07 v3.14 Key value format for package options (HO)
)
\@linkdim=\dimen173
\Hy@linkcounter=\count293
\Hy@pagecounter=\count294
 (/usr/share/texlive/texmf-dist/tex/latex/hyperref/pd1enc.def
File: pd1enc.def 2021-06-07 v7.00m Hyperref: PDFDocEncoding definition (HO)
) (/usr/share/texlive/texmf-dist/tex/latex/hyperref/hyperref-langpatches.def
File: hyperref-langpatches.def 2021-06-07 v7.00m Hyperref: patches for babel languages
) (/usr/share/texlive/texmf-dist/tex/generic/intcalc/intcalc.sty
Package: intcalc 2019/12/15 v1.3 Expandable calculations with integers (HO)
) (/usr/share/texlive/texmf-dist/tex/generic/etexcmds/etexcmds.sty
Package: etexcmds 2019/12/15 v1.7 Avoid name clashes with e-TeX commands (HO)
)
\Hy@SavedSpaceFactor=\count295
 (/usr/share/texlive/texmf-dist/tex/latex/hyperref/puenc.def
File: puenc.def 2021-06-07 v7.00m Hyperref: PDF Unicode definition (HO)
)
Package hyperref Info: Hyper figures OFF on input line 4192.
Package hyperref Info: Link nesting OFF on input line 4197.
Package hyperref Info: Hyper index ON on input line 4200.
Package hyperref Info: Plain pages OFF on input line 4207.
Package hyperref Info: Backreferencing OFF on input line 4212.
Package hyperref Info: Implicit mode ON; LaTeX internals redefined.
Package hyperref Info: Bookmarks ON on input line 4445.
\c@Hy@tempcnt=\count296
 (/usr/share/texlive/texmf-dist/tex/latex/url/url.sty
\Urlmuskip=\muskip17
Package: url 2013/09/16  ver 3.4  Verb mode for urls, etc.
)
LaTeX Info: Redefining \url on input line 4804.
\XeTeXLinkMargin=\dimen174
 (/usr/share/texlive/texmf-dist/tex/generic/bitset/bitset.sty
Package: bitset 2019/12/09 v1.3 Handle bit-vector datatype (HO)
 (/usr/share/texlive/texmf-dist/tex/generic/bigintcalc/bigintcalc.sty
Package: bigintcalc 2019/12/15 v1.5 Expandable calculations on big integers (HO)
))
\Fld@menulength=\count297
\Field@Width=\dimen175
\Fld@charsize=\dimen176
Package hyperref Info: Hyper figures OFF on input line 6076.
Package hyperref Info: Link nesting OFF on input line 6081.
Package hyperref Info: Hyper index ON on input line 6084.
Package hyperref Info: backreferencing OFF on input line 6091.
Package hyperref Info: Link coloring OFF on input line 6096.
Package hyperref Info: Link coloring with OCG OFF on input line 6101.
Package hyperref Info: PDF/A mode OFF on input line 6106.
LaTeX Info: Redefining \ref on input line 6146.
LaTeX Info: Redefining \pageref on input line 6150.
 (/usr/share/texlive/texmf-dist/tex/latex/base/atbegshi-ltx.sty
Package: atbegshi-ltx 2021/01/10 v1.0c Emulation of the original atbegshi
package with kernel methods
)
\Hy@abspage=\count298
\c@Item=\count299
\c@Hfootnote=\count300
)
Package hyperref Info: Driver (autodetected): hxetex.
 (/usr/share/texlive/texmf-dist/tex/latex/hyperref/hxetex.def
File: hxetex.def 2021-06-07 v7.00m Hyperref driver for XeTeX
 (/usr/share/texlive/texmf-dist/tex/generic/stringenc/stringenc.sty
Package: stringenc 2019/11/29 v1.12 Convert strings between diff. encodings (HO)
)
\pdfm@box=\box63
\c@Hy@AnnotLevel=\count301
\HyField@AnnotCount=\count302
\Fld@listcount=\count303
\c@bookmark@seq@number=\count304
 (/usr/share/texlive/texmf-dist/tex/latex/rerunfilecheck/rerunfilecheck.sty
Package: rerunfilecheck 2019/12/05 v1.9 Rerun checks for auxiliary files (HO)
 (/usr/share/texlive/texmf-dist/tex/latex/base/atveryend-ltx.sty
Package: atveryend-ltx 2020/08/19 v1.0a Emulation of the original atveryend package
with kernel methods
) (/usr/share/texlive/texmf-dist/tex/generic/uniquecounter/uniquecounter.sty
Package: uniquecounter 2019/12/15 v1.4 Provide unlimited unique counter (HO)
)
Package uniquecounter Info: New unique counter `rerunfilecheck' on input line 286.
)
\Hy@SectionHShift=\skip60
) (/usr/share/texlive/texmf-dist/tex/latex/lineno/lineno.sty
Package: lineno 2005/11/02 line numbers on paragraphs v4.41
Invalid UTF-8 byte or sequence at line 296 replaced by U+FFFD.
\linenopenalty=\count305
\output=\toks27
\linenoprevgraf=\count306
\linenumbersep=\dimen177
\linenumberwidth=\dimen178
\c@linenumber=\count307
\c@pagewiselinenumber=\count308
\c@LN@truepage=\count309
\c@internallinenumber=\count310
\c@internallinenumbers=\count311
\quotelinenumbersep=\dimen179
\bframerule=\dimen180
\bframesep=\dimen181
\bframebox=\box64
LaTeX Info: Redefining \\ on input line 3056.
)
Package hyperref Info: Option `colorlinks' set `true' on input line 20.
 (/usr/share/texlive/texmf-dist/tex/latex/hyperref/nameref.sty
Package: nameref 2021-04-02 v2.47 Cross-referencing by name of section
 (/usr/share/texlive/texmf-dist/tex/latex/refcount/refcount.sty
Package: refcount 2019/12/15 v3.6 Data extraction from label references (HO)
) (/usr/share/texlive/texmf-dist/tex/generic/gettitlestring/gettitlestring.sty
Package: gettitlestring 2019/12/15 v1.6 Cleanup title references (HO)
)
\c@section@level=\count312
) (/usr/share/texlive/texmf-dist/tex/latex/siunitx/siunitx.sty
Package: siunitx 2022-02-02 v3.0.46 A comprehensive (SI) units package
\l__siunitx_angle_tmp_dim=\dimen182
\l__siunitx_angle_marker_box=\box65
\l__siunitx_angle_unit_box=\box66
\l__siunitx_compound_count_int=\count313
 (/usr/share/texlive/texmf-dist/tex/latex/translations/translations.sty
Package: translations 2022/01/04 v1.11 internationalization of LaTeX2e packages (CN)
)
\l__siunitx_number_exponent_fixed_int=\count314
\l__siunitx_number_min_decimal_int=\count315
\l__siunitx_number_min_integer_int=\count316
\l__siunitx_number_round_precision_int=\count317
\l__siunitx_number_group_minimum_int=\count318
\l__siunitx_table_tmp_box=\box67
\l__siunitx_table_tmp_dim=\dimen183
\l__siunitx_table_column_width_dim=\dimen184
\l__siunitx_table_integer_box=\box68
\l__siunitx_table_decimal_box=\box69
\l__siunitx_table_before_box=\box70
\l__siunitx_table_after_box=\box71
\l__siunitx_table_before_dim=\dimen185
\l__siunitx_table_carry_dim=\dimen186
\l__siunitx_unit_tmp_int=\count319
\l__siunitx_unit_position_int=\count320
\l__siunitx_unit_total_int=\count321
 (/usr/share/texlive/texmf-dist/tex/latex/l3packages/l3keys2e/l3keys2e.sty
Package: l3keys2e 2022-01-12 LaTeX2e option processing using LaTeX3 keys
) (/usr/share/texlive/texmf-dist/tex/latex/tools/array.sty
Package: array 2021/10/04 v2.5f Tabular extension package (FMi)
\col@sep=\dimen187
\ar@mcellbox=\box72
\extrarowheight=\dimen188
\NC@list=\toks28
\extratabsurround=\skip61
\backup@length=\skip62
\ar@cellbox=\box73
)) (/usr/share/texlive/texmf-dist/tex/latex/mhchem/mhchem.sty
Package: mhchem 2021/12/31 v4.09 for typesetting chemical formulae
 (/usr/share/texlive/texmf-dist/tex/latex/chemgreek/chemgreek.sty
Package: chemgreek 2020/01/16 v1.1a interface for upright Greek letters for use in chemistry (CN)
\l__chemgreek_tmpa_int=\count322
\g__chemgreek_tmpa_int=\count323
)
\l__mhchem_ce_distanceFromLastComma_int=\count324
\__mhchem_arrow_extPgfLength_skip=\skip63
\mhchem@minispace@tmp=\skip64
\mhchem@minibackspace@tmp=\skip65
\mhchem@bondwidth=\skip66
\mhchem@bondheight=\skip67
\mhchem@smallbondwidth@tmpA=\skip68
\mhchem@smallbondwidth@tmpB=\skip69
\mhchem@smallbondwidth=\skip70
\mhchem@bondtmp@minussidebearingleft=\skip71
\mhchem@bondtmp@minussidebearingright=\skip72
\l__mhchem_option_version_int=\count325
\mhchem@option@minusmathsidebearingleft=\dimen189
\mhchem@option@minusmathsidebearingright=\dimen190
\mhchem@option@minustextsidebearingleft=\dimen191
\mhchem@option@minustextsidebearingright=\dimen192


Package mhchem Warning: You did not specify a 'version' option for the mhchem
(mhchem)                package. Please write \usepackage[version=4]{mhchem}
(mhchem)                in your preamble (or any lower number for
(mhchem)                compatibility mode), because you might get slightly
(mhchem)                different output with the same input in future versions.

) (/usr/share/texlive/texmf-dist/tex/latex/geometry/geometry.sty
Package: geometry 2020/01/02 v5.9 Page Geometry
 (/usr/share/texlive/texmf-dist/tex/generic/iftex/ifvtex.sty
Package: ifvtex 2019/10/25 v1.7 ifvtex legacy package. Use iftex instead.
)
\Gm@cnth=\count326
\Gm@cntv=\count327
\c@Gm@tempcnt=\count328
\Gm@bindingoffset=\dimen193
\Gm@wd@mp=\dimen194
\Gm@odd@mp=\dimen195
\Gm@even@mp=\dimen196
\Gm@layoutwidth=\dimen197
\Gm@layoutheight=\dimen198
\Gm@layouthoffset=\dimen199
\Gm@layoutvoffset=\dimen256
\Gm@dimlist=\toks29
)
Package translations Info: No language package found. I am going to use `english' as default language. on input line 29.

No file main.aux.
\openout1 = `main.aux'.

LaTeX Font Info:    Checking defaults for OML/cmm/m/it on input line 29.
LaTeX Font Info:    ... okay on input line 29.
LaTeX Font Info:    Checking defaults for OMS/cmsy/m/n on input line 29.
LaTeX Font Info:    ... okay on input line 29.
LaTeX Font Info:    Checking defaults for OT1/cmr/m/n on input line 29.
LaTeX Font Info:    ... okay on input line 29.
LaTeX Font Info:    Checking defaults for T1/cmr/m/n on input line 29.
LaTeX Font Info:    ... okay on input line 29.
LaTeX Font Info:    Checking defaults for TS1/cmr/m/n on input line 29.
LaTeX Font Info:    Trying to load font information for TS1+cmr on input line 29.
(/usr/share/texlive/texmf-dist/tex/latex/base/ts1cmr.fd
File: ts1cmr.fd 2019/12/16 v2.5j Standard LaTeX font definitions
)
LaTeX Font Info:    ... okay on input line 29.
LaTeX Font Info:    Checking defaults for TU/lmr/m/n on input line 29.
LaTeX Font Info:    ... okay on input line 29.
LaTeX Font Info:    Checking defaults for OMX/cmex/m/n on input line 29.
LaTeX Font Info:    ... okay on input line 29.
LaTeX Font Info:    Checking defaults for U/cmr/m/n on input line 29.
LaTeX Font Info:    ... okay on input line 29.
LaTeX Font Info:    Checking defaults for PD1/pdf/m/n on input line 29.
LaTeX Font Info:    ... okay on input line 29.
LaTeX Font Info:    Checking defaults for PU/pdf/m/n on input line 29.
LaTeX Font Info:    ... okay on input line 29.
LaTeX Info: Redefining \microtypecontext on input line 29.
Package microtype Info: Applying patch `item' on input line 29.
Package microtype Info: Applying patch `toc' on input line 29.
Package microtype Info: Applying patch `eqnum' on input line 29.
Package microtype Info: Applying patch `footnote' on input line 29.
Package microtype Info: Character protrusion enabled (level 2).
Package microtype Info: Using default protrusion set `alltext'.
Package microtype Info: No adjustment of tracking.
Package microtype Info: No adjustment of spacing.
Package microtype Info: No adjustment of kerning.
 (/usr/share/texlive/texmf-dist/tex/latex/microtype/mt-cmr.cfg
File: mt-cmr.cfg 2013/05/19 v2.2 microtype config. file: Computer Modern Roman (RS)
)
Package caption Info: Begin \AtBeginDocument code.
Package caption Info: float package is loaded.
Package caption Info: hyperref package is loaded.
Package caption Info: End \AtBeginDocument code.
 (/usr/share/texlive/texmf-dist/tex/latex/graphics/color.sty
Package: color 2021/12/07 v1.3c Standard LaTeX Color (DPC)
 (/usr/share/texlive/texmf-dist/tex/latex/graphics-cfg/color.cfg
File: color.cfg 2016/01/02 v1.6 sample color configuration
)
Package color Info: Driver file: xetex.def on input line 149.
)
Package hyperref Info: Link coloring ON on input line 29.
LaTeX Info: Redefining \ref on input line 29.
LaTeX Info: Redefining \pageref on input line 29.
LaTeX Info: Redefining \nameref on input line 29.
\@outlinefile=\write4
\openout4 = `main.out'.



Package hyperref Warning: Rerun to get /PageLabels entry.

(/usr/share/texlive/texmf-dist/tex/latex/translations/translations-basic-dictionary-english.trsl
File: translations-basic-dictionary-english.trsl (english translation file `translations-basic-dictionary')
)
Package translations Info: loading dictionary `translations-basic-dictionary' for `english'. on input line 29.

Package chemgreek Info: Activating mapping `default' on line 29.


*geometry* driver: auto-detecting
*geometry* detected driver: xetex
*geometry* verbose mode - [ preamble ] result:
* driver: xetex
* paper: <default>
* layout: <same size as paper>
* layoutoffset:(h,v)=(0.0pt,0.0pt)
* modes: 
* h-part:(L,W,R)=(56.9055pt, 500.484pt, 56.9055pt)
* v-part:(T,H,B)=(56.9055pt, 681.15898pt, 56.9055pt)
* \paperwidth=614.295pt
* \paperheight=794.96999pt
* \textwidth=500.484pt
* \textheight=681.15898pt
* \oddsidemargin=-15.36449pt
* \evensidemargin=-15.36449pt
* \topmargin=-52.36449pt
* \headheight=12.0pt
* \headsep=25.0pt
* \topskip=12.0pt
* \footskip=30.0pt
* \marginparwidth=44.0pt
* \marginparsep=10.0pt
* \columnsep=10.0pt
* \skip\footins=24.0pt
* \hoffset=0.0pt
* \voffset=0.0pt
* \mag=1000
* \@twocolumnfalse
* \@twosidefalse
* \@mparswitchfalse
* \@reversemarginfalse
* (1in=72.27pt=25.4mm, 1cm=28.453pt)

(./pmtmodel.tex
LaTeX Font Info:    Trying to load font information for U+msa on input line 1.
 (/usr/share/texlive/texmf-dist/tex/latex/amsfonts/umsa.fd
File: umsa.fd 2013/01/14 v3.01 AMS symbols A
) (/usr/share/texlive/texmf-dist/tex/latex/microtype/mt-msa.cfg
File: mt-msa.cfg 2006/02/04 v1.1 microtype config. file: AMS symbols (a) (RS)
)
LaTeX Font Info:    Trying to load font information for U+msb on input line 1.
 (/usr/share/texlive/texmf-dist/tex/latex/amsfonts/umsb.fd
File: umsb.fd 2013/01/14 v3.01 AMS symbols B
) (/usr/share/texlive/texmf-dist/tex/latex/microtype/mt-msb.cfg
File: mt-msb.cfg 2005/06/01 v1.0 microtype config. file: AMS symbols (b) (RS)
)

Package natbib Warning: Citation `1955Scintillation' on page 1 undefined on input line 3.


Package natbib Warning: Citation `2016Optimization' on page 1 undefined on input line 6.


Package natbib Warning: Citation `1994Absolute' on page 1 undefined on input line 8.


Package natbib Warning: Citation `2016Secondary' on page 1 undefined on input line 11.


Package natbib Warning: Citation `2002Probabilistic' on page 1 undefined on input line 14.


Package natbib Warning: Citation `1938Secondary' on page 1 undefined on input line 15.


Package natbib Warning: Citation `1988Secondary' on page 1 undefined on input line 15.


Package natbib Warning: Citation `2012Secondary' on page 1 undefined on input line 15.


Package natbib Warning: Citation `OLANO2020103456' on page 1 undefined on input line 18.


Package natbib Warning: Citation `2012An' on page 1 undefined on input line 20.


Package natbib Warning: Citation `2021Effects' on page 1 undefined on input line 20.


Package natbib Warning: Citation `Nathan1970TheED' on page 1 undefined on input line 27.


Package natbib Warning: Citation `1994Absolute' on page 1 undefined on input line 35.


LaTeX Warning: Reference `eq:sreal' on page 1 undefined on input line 43.

[1

]

LaTeX Warning: Reference `fig:spe_sreal' on page 2 undefined on input line 58.


Package natbib Warning: Citation `ZHU2020162002' on page 2 undefined on input line 65.


Package natbib Warning: Citation `Zhang:2023ued' on page 2 undefined on input line 65.


Package natbib Warning: Citation `MATSUOKA2014148' on page 2 undefined on input line 66.


Package natbib Warning: Citation `KRAUSS2023168659' on page 2 undefined on input line 66.


Package natbib Warning: Citation `Cao2019UpgradingPT' on page 2 undefined on input line 67.


Package natbib Warning: Citation `N2006Lifetime' on page 2 undefined on input line 69.


Package natbib Warning: Citation `reviewer2' on page 2 undefined on input line 70.


Package natbib Warning: Citation `2012An' on page 2 undefined on input line 70.


Package natbib Warning: Citation `Lehmann:2022ret' on page 2 undefined on input line 71.


Package natbib Warning: Citation `2016Optimization' on page 2 undefined on input line 72.


Package natbib Warning: Citation `cao_secondary_2021' on page 2 undefined on input line 77.


Package natbib Warning: Citation `zzj2021Al' on page 2 undefined on input line 77.


Package natbib Warning: Citation `2021Effects' on page 2 undefined on input line 79.

[2]

Package natbib Warning: Citation `Zhang:2023ued' on page 3 undefined on input line 82.


LaTeX Warning: Reference `fig:spe_sreal' on page 3 undefined on input line 83.


Package natbib Warning: Citation `JUNO:2022hlz' on page 3 undefined on input line 85.


Package natbib Warning: Citation `reviewer1' on page 3 undefined on input line 86.


Package natbib Warning: Citation `2021Gain' on page 3 undefined on input line 87.


LaTeX Warning: Reference `eq:sreal' on page 3 undefined on input line 87.


Package natbib Warning: Citation `2017MCP' on page 3 undefined on input line 88.


LaTeX Warning: Reference `eq:sreal' on page 3 undefined on input line 91.

File: PMTRelated/GTmodel/spe.pdf Graphic file (type pdf)
<use PMTRelated/GTmodel/spe.pdf>

Package natbib Warning: Citation `Zhang:2023ued' on page 3 undefined on input line 97.


Package natbib Warning: Citation `Zhang:2023ued' on page 3 undefined on input line 97.

[3]

Package natbib Warning: Citation `branchandPoisson' on page 4 undefined on input line 108.


Package natbib Warning: Citation `1955Scintillation' on page 4 undefined on input line 109.


Package natbib Warning: Citation `Bartlett1963TheTO' on page 4 undefined on input line 110.


Package natbib Warning: Citation `Woodward' on page 4 undefined on input line 111.


Package natbib Warning: Citation `polya' on page 4 undefined on input line 112.


Package natbib Warning: Citation `2012Calibration' on page 4 undefined on input line 114.


Package natbib Warning: Citation `2020A' on page 4 undefined on input line 114.


LaTeX Warning: Reference `eq:sreal' on page 4 undefined on input line 115.


LaTeX Warning: Reference `eq:gamma' on page 4 undefined on input line 119.


LaTeX Warning: Reference `eq:sreal' on page 4 undefined on input line 128.


Package natbib Warning: Citation `bruining_physics_1954' on page 4 undefined on input line 140.


Package natbib Warning: Citation `baroody1950theory' on page 4 undefined on input line 141.


Package natbib Warning: Citation `dekker1952theory' on page 4 undefined on input line 144.


Package natbib Warning: Citation `wolff1954theory' on page 4 undefined on input line 146.


Package natbib Warning: Citation `Kanaya_1978' on page 4 undefined on input line 149.


Package natbib Warning: Citation `vaughan' on page 4 undefined on input line 152.


Package natbib Warning: Citation `2002Probabilistic' on page 4 undefined on input line 154.

[4]

Package natbib Warning: Citation `2002Probabilistic' on page 5 undefined on input line 168.


LaTeX Warning: Reference `eq:backscatter' on page 5 undefined on input line 170.


Package natbib Warning: Citation `bruining_physics_1954' on page 5 undefined on input line 187.


Package natbib Warning: Citation `2002Probabilistic' on page 5 undefined on input line 188.


LaTeX Warning: Reference `eq:rediffused' on page 5 undefined on input line 189.


LaTeX Warning: Reference `eq:true' on page 5 undefined on input line 203.

[5]

LaTeX Warning: Reference `fig:SES' on page 6 undefined on input line 222.


Package natbib Warning: Citation `2021Effects' on page 6 undefined on input line 223.

File: PMTRelated/GTmodel/SES.pdf Graphic file (type pdf)
<use PMTRelated/GTmodel/SES.pdf>

LaTeX Warning: Reference `fig:circuit' on page 6 undefined on input line 240.


Package natbib Warning: Citation `zzj2021Al' on page 6 undefined on input line 240.


Package natbib Warning: Citation `1955Scintillation' on page 6 undefined on input line 246.


Package natbib Warning: Citation `2012An' on page 6 undefined on input line 249.

[6]

LaTeX Warning: Reference `fig:circuit' on page 7 undefined on input line 256.


Package natbib Warning: Citation `Luo:2023jdf' on page 7 undefined on input line 257.


Package natbib Warning: Citation `2017MCP' on page 7 undefined on input line 259.

File: PMTRelated/GTmodel/set.pdf Graphic file (type pdf)
<use PMTRelated/GTmodel/set.pdf>

Package natbib Warning: Citation `2016Optimization' on page 7 undefined on input line 272.


Package natbib Warning: Citation `1955Scintillation' on page 7 undefined on input line 272.


Package natbib Warning: Citation `Luo:2023jdf' on page 7 undefined on input line 272.


Package natbib Warning: Citation `2016Optimization' on page 7 undefined on input line 272.


Package natbib Warning: Citation `1955Scintillation' on page 7 undefined on input line 272.


Package natbib Warning: Citation `Luo:2023jdf' on page 7 undefined on input line 272.


Package natbib Warning: Citation `teledynelecroy' on page 7 undefined on input line 278.

[7]

LaTeX Warning: Reference `fig:gain_ald' on page 8 undefined on input line 283.


LaTeX Warning: Reference `fig:gain_noald' on page 8 undefined on input line 283.


Package natbib Warning: Citation `Nathan1970TheED' on page 8 undefined on input line 286.


Package natbib Warning: Citation `Xu_2022' on page 8 undefined on input line 295.


Package natbib Warning: Citation `Wang_2024' on page 8 undefined on input line 295.


LaTeX Warning: Reference `fig:gain_fit' on page 8 undefined on input line 299.


LaTeX Warning: Reference `fig:gain_noald' on page 8 undefined on input line 303.

File: PMTRelated/GTmodel/fit_noald.pdf Graphic file (type pdf)
<use PMTRelated/GTmodel/fit_noald.pdf>
File: PMTRelated/GTmodel/fit_ald.pdf Graphic file (type pdf)
<use PMTRelated/GTmodel/fit_ald.pdf>

LaTeX Warning: Hyper reference `fig:gain_noald' on page 8 undefined on input line 337.


LaTeX Warning: Reference `sub@fig:gain_noald' on page 8 undefined on input line 337.


LaTeX Warning: Hyper reference `fig:gain_ald' on page 8 undefined on input line 337.


LaTeX Warning: Reference `sub@fig:gain_ald' on page 8 undefined on input line 337.


LaTeX Warning: Hyper reference `fig:gain_noald' on page 8 undefined on input line 337.


LaTeX Warning: Reference `sub@fig:gain_noald' on page 8 undefined on input line 337.


LaTeX Warning: Hyper reference `fig:gain_noald' on page 8 undefined on input line 337.


LaTeX Warning: Reference `sub@fig:gain_noald' on page 8 undefined on input line 337.


LaTeX Warning: Hyper reference `fig:gain_ald' on page 8 undefined on input line 337.


LaTeX Warning: Reference `sub@fig:gain_ald' on page 8 undefined on input line 337.


LaTeX Warning: Hyper reference `fig:gain_noald' on page 8 undefined on input line 337.


LaTeX Warning: Reference `sub@fig:gain_noald' on page 8 undefined on input line 337.

[8]

LaTeX Warning: Reference `fig:gaintest' on page 9 undefined on input line 341.


Package natbib Warning: Citation `2017MCP' on page 9 undefined on input line 346.


Package natbib Warning: Citation `cao_secondary_2021' on page 9 undefined on input line 349.

File: PMTRelated/GTmodel/gain_mu.pdf Graphic file (type pdf)
<use PMTRelated/GTmodel/gain_mu.pdf>
File: PMTRelated/GTmodel/gain_sigma.pdf Graphic file (type pdf)
<use PMTRelated/GTmodel/gain_sigma.pdf>
File: PMTRelated/GTmodel/gain_sigmamu.pdf Graphic file (type pdf)
<use PMTRelated/GTmodel/gain_sigmamu.pdf>

LaTeX Warning: Hyper reference `fig:gain' on page 9 undefined on input line 382.


LaTeX Warning: Reference `sub@fig:gain' on page 9 undefined on input line 382.


LaTeX Warning: Hyper reference `fig:sigma' on page 9 undefined on input line 382.


LaTeX Warning: Reference `sub@fig:sigma' on page 9 undefined on input line 382.


LaTeX Warning: Hyper reference `fig:sigmamu' on page 9 undefined on input line 382.


LaTeX Warning: Reference `sub@fig:sigmamu' on page 9 undefined on input line 382.


LaTeX Warning: Hyper reference `fig:gain' on page 9 undefined on input line 382.


LaTeX Warning: Reference `sub@fig:gain' on page 9 undefined on input line 382.


LaTeX Warning: Hyper reference `fig:sigma' on page 9 undefined on input line 382.


LaTeX Warning: Reference `sub@fig:sigma' on page 9 undefined on input line 382.


LaTeX Warning: Hyper reference `fig:sigmamu' on page 9 undefined on input line 382.


LaTeX Warning: Reference `sub@fig:sigmamu' on page 9 undefined on input line 382.


LaTeX Warning: Reference `subsec:fuman' on page 9 undefined on input line 387.


LaTeX Warning: Reference `sec:gain' on page 9 undefined on input line 388.


LaTeX Warning: Reference `fig:process' on page 9 undefined on input line 390.


LaTeX Warning: Reference `gammapossion' on page 9 undefined on input line 394.

File: PMTRelated/GTmodel/process.pdf Graphic file (type pdf)
<use PMTRelated/GTmodel/process.pdf>
[9]

LaTeX Warning: Reference `fig:gaintest' on page 10 undefined on input line 417.


LaTeX Warning: Reference `eq:backscatter' on page 10 undefined on input line 420.


LaTeX Warning: Reference `eq:true' on page 10 undefined on input line 420.


Package natbib Warning: Citation `2002Probabilistic' on page 10 undefined on input line 433.


LaTeX Warning: Reference `fig:gain' on page 10 undefined on input line 441.


LaTeX Warning: Reference `eq:gammaTweedie' on page 10 undefined on input line 443.

[10] [11]

LaTeX Warning: Reference `eq:gammaTweedie' on page 12 undefined on input line 455.


LaTeX Warning: Reference `eq:gammaTweedie' on page 12 undefined on input line 466.


LaTeX Warning: Reference `eq:true' on page 12 undefined on input line 482.


LaTeX Warning: Reference `fig:gaintest' on page 12 undefined on input line 484.


LaTeX Warning: Reference `fig:true_n' on page 12 undefined on input line 488.

File: PMTRelated/GTmodel/true_all.pdf Graphic file (type pdf)
<use PMTRelated/GTmodel/true_all.pdf>
File: PMTRelated/GTmodel/allmode.pdf Graphic file (type pdf)
<use PMTRelated/GTmodel/allmode.pdf>

LaTeX Warning: Hyper reference `fig:true_n' on page 12 undefined on input line 510.


LaTeX Warning: Reference `sub@fig:true_n' on page 12 undefined on input line 510.


LaTeX Warning: Hyper reference `fig:allmode' on page 12 undefined on input line 510.


LaTeX Warning: Reference `sub@fig:allmode' on page 12 undefined on input line 510.


LaTeX Warning: Hyper reference `fig:true_n' on page 12 undefined on input line 510.


LaTeX Warning: Reference `sub@fig:true_n' on page 12 undefined on input line 510.


LaTeX Warning: Hyper reference `fig:allmode' on page 12 undefined on input line 510.


LaTeX Warning: Reference `sub@fig:allmode' on page 12 undefined on input line 510.


LaTeX Warning: Reference `fig:allmode' on page 12 undefined on input line 513.


LaTeX Warning: Reference `eq:1' on page 12 undefined on input line 518.


LaTeX Warning: Reference `eq:ts_all' on page 12 undefined on input line 518.


LaTeX Warning: Reference `fig:tsp' on page 12 undefined on input line 519.


Package natbib Warning: Citation `Zhang:2023ued' on page 12 undefined on input line 520.

File: PMTRelated/GTmodel/p.pdf Graphic file (type pdf)
<use PMTRelated/GTmodel/p.pdf>
File: PMTRelated/GTmodel/ts.pdf Graphic file (type pdf)
<use PMTRelated/GTmodel/ts.pdf>
[12]

Package natbib Warning: Citation `2006Comparison' on page 13 undefined on input line 547.

[13]

LaTeX Warning: Reference `fig:cour' on page 14 undefined on input line 556.


Package natbib Warning: Citation `Gelman_Hill_2006' on page 14 undefined on input line 557.


Package natbib Warning: Citation `cowan1997statistical' on page 14 undefined on input line 560.

File: PMTRelated/GTmodel/cour.pdf Graphic file (type pdf)
<use PMTRelated/GTmodel/cour.pdf>
File: PMTRelated/GTmodel/hist.pdf Graphic file (type pdf)
<use PMTRelated/GTmodel/hist.pdf>

LaTeX Warning: Hyper reference `fig:cour' on page 14 undefined on input line 580.


LaTeX Warning: Reference `sub@fig:cour' on page 14 undefined on input line 580.


LaTeX Warning: Hyper reference `fig:hist' on page 14 undefined on input line 580.


LaTeX Warning: Reference `sub@fig:hist' on page 14 undefined on input line 580.


LaTeX Warning: Hyper reference `fig:cour' on page 14 undefined on input line 580.


LaTeX Warning: Reference `sub@fig:cour' on page 14 undefined on input line 580.


LaTeX Warning: Hyper reference `fig:hist' on page 14 undefined on input line 580.


LaTeX Warning: Reference `sub@fig:hist' on page 14 undefined on input line 580.


LaTeX Warning: Reference `fig:true_p' on page 14 undefined on input line 585.

File: PMTRelated/GTmodel/true_p.pdf Graphic file (type pdf)
<use PMTRelated/GTmodel/true_p.pdf>

Package natbib Warning: Citation `chen2018photoelectron' on page 14 undefined on input line 597.


Package natbib Warning: Citation `chen2018photoelectron' on page 14 undefined on input line 597.


LaTeX Warning: Reference `eq:p0' on page 14 undefined on input line 607.


Package natbib Warning: Citation `cao_secondary_2021' on page 14 undefined on input line 608.


Package natbib Warning: Citation `2016Optimization' on page 14 undefined on input line 609.


Package natbib Warning: Citation `chen2018photoelectron' on page 14 undefined on input line 615.

File: PMTRelated/GTmodel/parameter_pp0.pdf Graphic file (type pdf)
<use PMTRelated/GTmodel/parameter_pp0.pdf>
File: PMTRelated/GTmodel/parameters_ts.pdf Graphic file (type pdf)
<use PMTRelated/GTmodel/parameters_ts.pdf>
[14]

LaTeX Warning: Reference `fig:pdelta' on page 15 undefined on input line 640.


Package natbib Warning: Citation `beck_physical_1966' on page 15 undefined on input line 642.

[15]

LaTeX Warning: Reference `fig:single_pe' on page 16 undefined on input line 655.


LaTeX Warning: Reference `fig:single_fit' on page 16 undefined on input line 656.

File: PMTRelated/GTmodel/single_pecharge.pdf Graphic file (type pdf)
<use PMTRelated/GTmodel/single_pecharge.pdf>
File: PMTRelated/GTmodel/singlepefit.pdf Graphic file (type pdf)
<use PMTRelated/GTmodel/singlepefit.pdf>

LaTeX Warning: Hyper reference `fig:single_pe' on page 16 undefined on input line 681.


LaTeX Warning: Reference `sub@fig:single_pe' on page 16 undefined on input line 681.


LaTeX Warning: Hyper reference `fig:single_fit' on page 16 undefined on input line 681.


LaTeX Warning: Reference `sub@fig:single_fit' on page 16 undefined on input line 681.


LaTeX Warning: Hyper reference `fig:single_pe' on page 16 undefined on input line 681.


LaTeX Warning: Reference `sub@fig:single_pe' on page 16 undefined on input line 681.


LaTeX Warning: Hyper reference `fig:single_fit' on page 16 undefined on input line 681.


LaTeX Warning: Reference `sub@fig:single_fit' on page 16 undefined on input line 681.


LaTeX Warning: Reference `eq:ts_all' on page 16 undefined on input line 685.


Package natbib Warning: Citation `1991Tweedie' on page 16 undefined on input line 687.

[16]

LaTeX Warning: Reference `eq:1' on page 17 undefined on input line 699.


LaTeX Warning: Reference `eq:ts_gamma' on page 17 undefined on input line 699.


LaTeX Warning: Reference `sec:gain' on page 17 undefined on input line 700.

) (./reconstruction.tex

Package natbib Warning: Citation `SK' on page 17 undefined on input line 3.


Package natbib Warning: Citation `minibone' on page 17 undefined on input line 4.


Package natbib Warning: Citation `SKfiTQun' on page 17 undefined on input line 4.

[17]

Package natbib Warning: Citation `Liu:2024cxo' on page 18 undefined on input line 22.

[18]

LaTeX Warning: Reference `Fig:Cherenkov_emmision' on page 19 undefined on input line 36.

File: reconstruction/cherenkov_emission.pdf Graphic file (type pdf)
<use reconstruction/cherenkov_emission.pdf>

Package natbib Warning: Citation `junosw' on page 19 undefined on input line 46.


Package natbib Warning: Citation `Dou:2022' on page 19 undefined on input line 48.

File: reconstruction/zuobiao.pdf Graphic file (type pdf)
<use reconstruction/zuobiao.pdf>
[19]

LaTeX Warning: Reference `fig:thetaemmision' on page 20 undefined on input line 60.


LaTeX Warning: Reference `fig:semmision' on page 20 undefined on input line 61.


LaTeX Warning: Reference `fig:tsemmision' on page 20 undefined on input line 62.


LaTeX Warning: Reference `fig:multipleScattering' on page 20 undefined on input line 62.

[20]
File: reconstruction/emmisionProfile/2.pdf Graphic file (type pdf)
<use reconstruction/emmisionProfile/2.pdf, page 1>
File: reconstruction/emmisionProfile/5.pdf Graphic file (type pdf)
<use reconstruction/emmisionProfile/5.pdf, page 1>
File: reconstruction/emmisionProfile/10.pdf Graphic file (type pdf)
<use reconstruction/emmisionProfile/10.pdf, page 1>
File: reconstruction/emmisionProfile/20.pdf Graphic file (type pdf)
<use reconstruction/emmisionProfile/20.pdf, page 1>
File: reconstruction/emmisionProfile/2.pdf Graphic file (type pdf)
<use reconstruction/emmisionProfile/2.pdf, page 2>
File: reconstruction/emmisionProfile/5.pdf Graphic file (type pdf)
<use reconstruction/emmisionProfile/5.pdf, page 2>
File: reconstruction/emmisionProfile/10.pdf Graphic file (type pdf)
<use reconstruction/emmisionProfile/10.pdf, page 2>
File: reconstruction/emmisionProfile/20.pdf Graphic file (type pdf)
<use reconstruction/emmisionProfile/20.pdf, page 2>


LaTeX Warning: `h' float specifier changed to `ht'.

File: reconstruction/emmisionProfile/2.pdf Graphic file (type pdf)
<use reconstruction/emmisionProfile/2.pdf, page 3>
File: reconstruction/emmisionProfile/5.pdf Graphic file (type pdf)
<use reconstruction/emmisionProfile/5.pdf, page 3>
File: reconstruction/emmisionProfile/10.pdf Graphic file (type pdf)
<use reconstruction/emmisionProfile/10.pdf, page 3>
File: reconstruction/emmisionProfile/20.pdf Graphic file (type pdf)
<use reconstruction/emmisionProfile/20.pdf, page 3>

LaTeX Warning: `h' float specifier changed to `ht'.

File: reconstruction/emmisionProfile/multiscatter.pdf Graphic file (type pdf)
<use reconstruction/emmisionProfile/multiscatter.pdf>

LaTeX Warning: Reference `fig:yield_gauss_fit' on page 21 undefined on input line 168.

File: reconstruction/emmisionProfile/yield_gauss_fit_20.pdf Graphic file (type pdf)
<use reconstruction/emmisionProfile/yield_gauss_fit_20.pdf>
File: reconstruction/emmisionProfile/phip.pdf Graphic file (type pdf)
<use reconstruction/emmisionProfile/phip.pdf>

LaTeX Warning: `h' float specifier changed to `ht'.

[21]

LaTeX Warning: Reference `equ:solid' on page 22 undefined on input line 199.

[22]

LaTeX Warning: Reference `eq:att' on page 23 undefined on input line 207.

[23] [24]) (./neutronTag.tex

Package hyperref Warning: Token not allowed in a PDF string (Unicode):
(hyperref)                removing `\mhchem@cee' on input line 2.


Package hyperref Warning: Token not allowed in a PDF string (Unicode):
(hyperref)                removing `\mhchem@cee' on input line 2.

[25]) (./spallation.tex) (./IBDSearch.tex)
No file main.bbl.

Package natbib Warning: There were undefined citations.

[26] (./main.aux)

LaTeX Warning: There were undefined references.


LaTeX Warning: Label(s) may have changed. Rerun to get cross-references right.


Package rerunfilecheck Warning: File `main.out' has changed.
(rerunfilecheck)                Rerun to get outlines right
(rerunfilecheck)                or use package `bookmark'.

Package rerunfilecheck Info: Checksums for `main.out':
(rerunfilecheck)             Before: <no file>
(rerunfilecheck)             After:  036A4B46802A583846B392E9F86C64D8;6225.
 ) 
Here is how much of TeX's memory you used:
 19570 strings out of 476191
 378036 string characters out of 5812072
 682388 words of memory out of 5000000
 40010 multiletter control sequences out of 15000+600000
 518601 words of font info for 86 fonts, out of 8000000 for 9000
 1348 hyphenation exceptions out of 8191
 70i,16n,81p,997b,967s stack positions out of 5000i,500n,10000p,200000b,80000s

Output written on main.pdf (26 pages).
