\BOOKMARK [-1][]{thuchapter.1.-1}{\376\377\000J\000U\000N\000O\154\064\166\370\133\236\232\214\116\055\166\204\131\052\226\063\116\055\137\256\133\120\211\302\155\113\170\024\172\166}{}% 1
\BOOKMARK [0][]{section*.2}{\376\377\000T\000a\000b\000l\000e\000\040\000o\000f\000\040\000C\000o\000n\000t\000e\000n\000t\000s}{thuchapter.1.-1}% 2
\BOOKMARK [0][]{chapter.1}{\376\377\000C\000h\000a\000p\000t\000e\000r\000\040\0001\000\040\000I\000n\000t\000r\000o\000d\000u\000c\000t\000i\000o\000n}{thuchapter.1.-1}% 3
\BOOKMARK [0][]{chapter.2}{\376\377\000C\000h\000a\000p\000t\000e\000r\000\040\0002\000\040\000T\000h\000e\000\040\000J\000U\000N\000O\000\040\000d\000e\000t\000e\000c\000t\000o\000r}{thuchapter.1.-1}% 4
\BOOKMARK [0][]{chapter.3}{\376\377\000C\000h\000a\000p\000t\000e\000r\000\040\0003\000\040\000T\000h\000e\000\040\000P\000M\000T\000\040\000c\000a\000l\000i\000b\000r\000a\000t\000i\000o\000n\000\040\000i\000n\000\040\000w\000a\000t\000e\000r\000\040\000p\000h\000a\000s\000e}{thuchapter.1.-1}% 5
\BOOKMARK [1][-]{section.3.1}{\376\377\0003\000.\0001\000\040\000T\000h\000e\000\040\000g\000a\000i\000n\000\040\000c\000a\000l\000i\000b\000r\000a\000t\000i\000o\000n}{chapter.3}% 6
\BOOKMARK [2][-]{subsection.3.1.1}{\376\377\0003\000.\0001\000.\0001\000\040\000T\000h\000e\000\040\000t\000r\000a\000d\000i\000t\000i\000o\000n\000a\000l\000\040\000m\000i\000x\000x\000e\000d\000\040\000G\000a\000u\000s\000s\000i\000a\000n\000\040\000m\000o\000d\000e\000l}{section.3.1}% 7
\BOOKMARK [3][-]{subsubsection.3.1.1.1}{\376\377\0003\000.\0001\000.\0001\000.\0001\000\040\000T\000h\000e\000\040\000n\000e\000w\000l\000y\000\040\000d\000e\000v\000e\000l\000o\000p\000e\000d\000\040\000M\000C\000P\000-\000P\000M\000T}{subsection.3.1.1}% 8
\BOOKMARK [2][-]{subsection.3.1.2}{\376\377\0003\000.\0001\000.\0002\000\040\000T\000h\000e\000\040\000d\000i\000f\000f\000i\000c\000u\000l\000t\000y\000\040\000o\000f\000\040\000M\000C\000P\000-\000P\000M\000T\000\040\000g\000a\000i\000n\000\040\000c\000a\000l\000i\000b\000r\000a\000t\000i\000o\000n}{section.3.1}% 9
\BOOKMARK [2][-]{subsection.3.1.3}{\376\377\0003\000.\0001\000.\0003\000\040\000G\000a\000m\000m\000a\000-\000D\000i\000s\000t\000r\000i\000b\000u\000t\000e\000d\000\040\000S\000E\000R\000\040\000c\000h\000a\000r\000g\000e\000s}{section.3.1}% 10
\BOOKMARK [2][-]{subsection.3.1.4}{\376\377\0003\000.\0001\000.\0004\000\040\000J\000u\000m\000b\000o\000\040\000C\000h\000a\000r\000g\000e\000s\000\040\000t\000h\000r\000o\000u\000g\000h\000\040\000E\000x\000t\000r\000a\000\040\000M\000u\000l\000t\000i\000p\000l\000i\000c\000a\000t\000i\000o\000n}{section.3.1}% 11
\BOOKMARK [3][-]{subsubsection.3.1.4.1}{\376\377\0003\000.\0001\000.\0004\000.\0001\000\040\000F\000u\000r\000m\000a\000n\000\040\000p\000r\000o\000b\000a\000b\000i\000l\000i\000s\000t\000i\000c\000\040\000m\000o\000d\000e\000l}{subsection.3.1.4}% 12
\BOOKMARK [3][-]{subsubsection.3.1.4.2}{\376\377\0003\000.\0001\000.\0004\000.\0002\000\040\000A\000n\000\040\000e\000x\000t\000r\000a\000\040\000m\000u\000l\000t\000i\000p\000l\000i\000c\000a\000t\000i\000o\000n\000\040\000m\000o\000d\000e}{subsection.3.1.4}% 13
\BOOKMARK [3][-]{subsubsection.3.1.4.3}{\376\377\0003\000.\0001\000.\0004\000.\0003\000\040\000V\000o\000l\000t\000a\000g\000e\000-\000d\000i\000v\000i\000s\000i\000o\000n\000\040\000E\000x\000p\000e\000r\000i\000m\000e\000n\000t}{subsection.3.1.4}% 14
\BOOKMARK [3][-]{subsubsection.3.1.4.4}{\376\377\0003\000.\0001\000.\0004\000.\0004\000\040\000C\000h\000a\000r\000g\000e\000-\000S\000p\000e\000c\000t\000r\000a\000\040\000D\000e\000c\000o\000m\000p\000o\000s\000i\000t\000i\000o\000n}{subsection.3.1.4}% 15
\BOOKMARK [2][-]{subsection.3.1.5}{\376\377\0003\000.\0001\000.\0005\000\040\000P\000a\000r\000a\000m\000e\000t\000e\000r\000\040\000E\000x\000t\000r\000a\000c\000t\000i\000o\000n\000\040\000f\000r\000o\000m\000\040\000D\000a\000t\000a}{section.3.1}% 16
\BOOKMARK [2][-]{subsection.3.1.6}{\376\377\0003\000.\0001\000.\0006\000\040\000G\000a\000m\000m\000a\000-\000T\000w\000e\000e\000d\000i\000e\000\040\000m\000o\000d\000e\000l\000\040\000f\000o\000r\000\040\000M\000C\000P\000-\000P\000M\000T}{section.3.1}% 17
\BOOKMARK [2][-]{subsection.3.1.7}{\376\377\0003\000.\0001\000.\0007\000\040\000T\000h\000e\000\040\000g\000a\000i\000n\000\040\000d\000i\000s\000t\000r\000i\000b\000u\000t\000i\000o\000n\000\040\000o\000f\000\040\000P\000M\000T\000s}{section.3.1}% 18
\BOOKMARK [1][-]{section.3.2}{\376\377\0003\000.\0002\000\040\000T\000h\000e\000\040\000d\000a\000r\000k\000\040\000c\000o\000u\000n\000t\000\040\000r\000a\000t\000e}{chapter.3}% 19
\BOOKMARK [1][-]{section.3.3}{\376\377\0003\000.\0003\000\040\000T\000h\000e\000\040\000t\000i\000m\000i\000n\000g\000\040\000c\000a\000l\000i\000b\000r\000a\000t\000i\000o\000n}{chapter.3}% 20
\BOOKMARK [1][-]{section.3.4}{\376\377\0003\000.\0004\000\040\000T\000h\000e\000\040\000P\000h\000o\000t\000o\000n\000\040\000D\000e\000t\000e\000c\000t\000i\000o\000n\000\040\000E\000f\000f\000i\000c\000i\000e\000n\000c\000y}{chapter.3}% 21
\BOOKMARK [0][]{chapter.4}{\376\377\000C\000h\000a\000p\000t\000e\000r\000\040\0004\000\040\000T\000h\000e\000\040\000r\000e\000c\000o\000n\000s\000t\000r\000u\000c\000t\000i\000o\000n\000\040\000f\000o\000r\000\040\000t\000h\000e\000\040\000w\000a\000t\000e\000r\000-\000p\000h\000a\000s\000e}{thuchapter.1.-1}% 22
\BOOKMARK [1][-]{section.4.1}{\376\377\0004\000.\0001\000\040\000T\000h\000e\000\040\000L\000i\000k\000e\000l\000i\000h\000o\000o\000d\000\040\000f\000u\000n\000c\000t\000i\000o\000n}{chapter.4}% 23
\BOOKMARK [1][-]{section.4.2}{\376\377\0004\000.\0002\000\040\000R\000e\000s\000p\000o\000n\000s\000e\000\040\000o\000f\000\040\000t\000h\000e\000\040\000w\000a\000t\000e\000r\000-\000p\000h\000a\000s\000e\000\040\000d\000e\000c\000t\000o\000r}{chapter.4}% 24
\BOOKMARK [2][-]{subsection.4.2.1}{\376\377\0004\000.\0002\000.\0001\000\040\000T\000h\000e\000\040\000C\000h\000e\000r\000e\000n\000k\000o\000v\000\040\000e\000m\000i\000s\000s\000i\000o\000n\000\040\000p\000r\000o\000f\000i\000l\000e}{section.4.2}% 25
\BOOKMARK [2][-]{subsection.4.2.2}{\376\377\0004\000.\0002\000.\0002\000\040\000T\000h\000e\000\040\000c\000a\000l\000c\000u\000l\000a\000t\000i\000o\000n\000\040\000o\000f\000\040\000d\000i\000r\000e\000c\000t\000\040\000l\000i\000g\000h\000t}{section.4.2}% 26
\BOOKMARK [3][-]{subsubsection.4.2.2.1}{\376\377\0004\000.\0002\000.\0002\000.\0001\000\040\000T\000h\000e\000\040\000s\000o\000l\000i\000d\000\040\000a\000n\000g\000l\000e\000\040\000f\000a\000c\000t\000o\000r}{subsection.4.2.2}% 27
\BOOKMARK [3][-]{subsubsection.4.2.2.2}{\376\377\0004\000.\0002\000.\0002\000.\0002\000\040\000T\000h\000e\000\040\000t\000r\000a\000n\000s\000m\000i\000s\000s\000i\000o\000n\000\040\000f\000a\000c\000t\000o\000r}{subsection.4.2.2}% 28
\BOOKMARK [3][-]{subsubsection.4.2.2.3}{\376\377\0004\000.\0002\000.\0002\000.\0003\000\040\000P\000M\000T\000\040\000a\000n\000g\000u\000l\000a\000r\000\040\000a\000c\000c\000p\000t\000a\000n\000c\000e}{subsection.4.2.2}% 29
\BOOKMARK [3][-]{subsubsection.4.2.2.4}{\376\377\0004\000.\0002\000.\0002\000.\0004\000\040\000T\000h\000e\000\040\000p\000r\000e\000d\000i\000c\000t\000i\000o\000n\000\040\000o\000f\000\040\000d\000i\000r\000e\000c\000t\000\040\000l\000i\000g\000h\000t}{subsection.4.2.2}% 30
\BOOKMARK [2][-]{subsection.4.2.3}{\376\377\0004\000.\0002\000.\0003\000\040\000T\000h\000e\000\040\000p\000r\000e\000d\000i\000c\000t\000i\000o\000n\000\040\000o\000f\000\040\000i\000n\000d\000i\000r\000e\000c\000t\000\040\000l\000i\000g\000h\000t\000\040\000b\000a\000s\000e\000d\000\040\000o\000n\000\040\000d\000i\000r\000e\000c\000t\000\040\000l\000i\000g\000h\000t}{section.4.2}% 31
\BOOKMARK [2][-]{subsection.4.2.4}{\376\377\0004\000.\0002\000.\0004\000\040\000T\000h\000e\000\040\000t\000i\000m\000i\000n\000g\000\040\000r\000e\000s\000p\000o\000n\000s\000e}{section.4.2}% 32
\BOOKMARK [2][-]{subsection.4.2.5}{\376\377\0004\000.\0002\000.\0005\000\040\000T\000h\000e\000\040\000D\000C\000R\000\040\000i\000n\000\040\000r\000e\000c\000o\000n\000s\000t\000r\000u\000c\000t\000i\000o\000n}{section.4.2}% 33
\BOOKMARK [2][-]{subsection.4.2.6}{\376\377\0004\000.\0002\000.\0006\000\040\000U\000s\000e\000\040\000M\000C\000M\000C\000\040\000f\000o\000r\000\040\000e\000x\000t\000r\000e\000m\000i\000z\000a\000t\000i\000o\000n}{section.4.2}% 34
\BOOKMARK [2][-]{subsection.4.2.7}{\376\377\0004\000.\0002\000.\0007\000\040\000T\000h\000e\000\040\000p\000r\000e\000l\000i\000m\000i\000n\000a\000r\000y\000\040\000r\000e\000c\000o\000n\000s\000t\000r\000u\000c\000t\000i\000o\000n}{section.4.2}% 35
\BOOKMARK [1][-]{section.4.3}{\376\377\0004\000.\0003\000\040\000T\000h\000e\000\040\000p\000a\000r\000a\000m\000e\000t\000e\000r\000s\000\040\000d\000e\000f\000i\000n\000i\000t\000i\000o\000n}{chapter.4}% 36
\BOOKMARK [2][-]{subsection.4.3.1}{\376\377\0004\000.\0003\000.\0001\000\040\000T\000h\000e\000\040\000e\000n\000e\000r\000g\000y\000\040\000r\000e\000l\000a\000t\000e\000d\000\040\000p\000a\000r\000a\000m\000e\000t\000e\000r\000s}{section.4.3}% 37
\BOOKMARK [2][-]{subsection.4.3.2}{\376\377\0004\000.\0003\000.\0002\000\040\000T\000h\000e\000\040\000p\000a\000r\000a\000m\000e\000t\000e\000r\000s\000\040\000f\000o\000r\000\040\000r\000e\000c\000o\000n\000s\000t\000r\000u\000c\000t\000i\000o\000n\000\040\000q\000u\000a\000l\000i\000t\000y}{section.4.3}% 38
\BOOKMARK [3][-]{subsubsection.4.3.2.1}{\376\377\0004\000.\0003\000.\0002\000.\0001\000\040\000K\000u\000r\000t\000o\000s\000i\000s\000\040\000t\000e\000s\000t\000\040\000\050\000k\000\051}{subsection.4.3.2}% 39
\BOOKMARK [3][-]{subsubsection.4.3.2.2}{\376\377\0004\000.\0003\000.\0002\000.\0002\000\040\000A\000k\000a\000i\000k\000e\000\040\000I\000n\000f\000o\000r\000m\000a\000t\000i\000o\000n\000\040\000C\000r\000i\000t\000e\000r\000i\000o\000n}{subsection.4.3.2}% 40
\BOOKMARK [3][-]{subsubsection.4.3.2.3}{\376\377\0004\000.\0003\000.\0002\000.\0003\000\040\000T\000h\000e\000\040\000l\000i\000k\000e\000l\000i\000h\000o\000o\000d\000-\000e\000n\000e\000r\000g\000y\000\040\000c\000o\000m\000b\000i\000n\000e\000d\000\040\000C\000r\000i\000t\000e\000r\000i\000o\000n}{subsection.4.3.2}% 41
\BOOKMARK [3][-]{subsubsection.4.3.2.4}{\376\377\0004\000.\0003\000.\0002\000.\0004\000\040\000T\000h\000e\000\040\000g\000o\000o\000d\000n\000e\000s\000s\000\040\000o\000f\000\040\000r\000e\000c\000o\000n\000s\000t\000r\000u\000c\000t\000i\000o\000n}{subsection.4.3.2}% 42
\BOOKMARK [1][-]{section.4.4}{\376\377\0004\000.\0004\000\040\000T\000h\000e\000\040\000p\000e\000r\000f\000o\000r\000m\000a\000n\000c\000e\000\040\000o\000f\000\040\000r\000e\000c\000o\000n\000s\000t\000r\000u\000c\000t\000i\000o\000n\000\040\000i\000n\000\040\000s\000i\000m\000u\000l\000a\000t\000i\000o\000n}{chapter.4}% 43
\BOOKMARK [0][]{chapter.5}{\376\377\000C\000h\000a\000p\000t\000e\000r\000\040\0005\000\040\000T\000h\000e\000\040\000s\000o\000u\000r\000c\000e\000\040\000c\000a\000l\000i\000b\000r\000a\000t\000i\000o\000n\000\040\000i\000n\000\040\000w\000a\000t\000e\000r\000\040\000p\000h\000a\000s\000e}{thuchapter.1.-1}% 44
\BOOKMARK [1][-]{subsection.5.0.1}{\376\377\0005\000.\0000\000.\0001\000\040\000T\000h\000e\000\040\000c\000a\000l\000i\000b\000r\000a\000t\000i\000o\000n\000\040\000i\000n\000f\000o\000r\000m\000a\000t\000i\000o\000n}{chapter.5}% 45
\BOOKMARK [1][-]{section.5.1}{\376\377\0005\000.\0001\000\040\000J\000U\000N\000O\000'\000s\000\040\000l\000o\000w\000-\000e\000n\000e\000r\000g\000y\000\040\000t\000h\000r\000e\000s\000h\000o\000l\000d\000\040\000i\000n\000\040\000w\000a\000t\000e\000r\000\040\000p\000h\000a\000s\000e}{chapter.5}% 46
\BOOKMARK [2][-]{subsection.5.1.1}{\376\377\0005\000.\0001\000.\0001\000\040\000T\000h\000e\000\040\000r\000e\000c\000o\000n\000s\000t\000r\000u\000c\000t\000i\000o\000n\000\040\000o\000f\000\040\000t\000h\000e\000\040\000p\000r\000o\000m\000p\000t\000\040\000s\000i\000g\000n\000a\000l\000s}{section.5.1}% 47
\BOOKMARK [3][-]{subsubsection.5.1.1.1}{\376\377\0005\000.\0001\000.\0001\000.\0001\000\040\000T\000h\000e\000\040\000e\000v\000e\000n\000t\000\040\000s\000e\000l\000e\000c\000t\000i\000o\000n\000\040\000b\000e\000f\000o\000r\000e\000\040\000r\000e\000c\000o\000n\000s\000t\000r\000u\000c\000t\000i\000o\000n}{subsection.5.1.1}% 48
\BOOKMARK [3][-]{subsubsection.5.1.1.2}{\376\377\0005\000.\0001\000.\0001\000.\0002\000\040\000T\000h\000e\000\040\000p\000o\000s\000i\000t\000i\000o\000n\000\040\000d\000i\000s\000t\000r\000i\000b\000u\000t\000i\000o\000n\000\040\000o\000f\000\040\000t\000h\000e\000\040\000p\000r\000o\000m\000p\000t\000\040\000s\000i\000g\000n\000a\000l\000s}{subsection.5.1.1}% 49
\BOOKMARK [3][-]{subsubsection.5.1.1.3}{\376\377\0005\000.\0001\000.\0001\000.\0003\000\040\000T\000h\000e\000\040\000e\000n\000e\000r\000g\000y\000\040\000d\000i\000s\000t\000r\000i\000b\000u\000t\000i\000o\000n\000\040\000o\000f\000\040\000p\000r\000o\000m\000p\000t\000\040\000s\000i\000g\000n\000a\000l\000s}{subsection.5.1.1}% 50
\BOOKMARK [2][-]{subsection.5.1.2}{\376\377\0005\000.\0001\000.\0002\000\040\000T\000h\000e\000\040\000s\000e\000a\000r\000c\000h\000\040\000f\000o\000r\000\040\000d\000e\000l\000a\000y\000e\000d\000\040\000s\000i\000g\000n\000a\000l\000s}{section.5.1}% 51
\BOOKMARK [3][-]{subsubsection.5.1.2.1}{\376\377\0005\000.\0001\000.\0002\000.\0001\000\040\000T\000h\000e\000\040\000r\000e\000c\000o\000n\000s\000t\000r\000u\000c\000t\000i\000o\000n\000\040\000o\000f\000\040\000d\000e\000l\000a\000y\000e\000d\000\040\000s\000i\000g\000n\000a\000l\000s}{subsection.5.1.2}% 52
\BOOKMARK [3][-]{subsubsection.5.1.2.2}{\376\377\0005\000.\0001\000.\0002\000.\0002\000\040\000T\000h\000e\000\040\000s\000e\000a\000r\000c\000h\000\040\000f\000o\000r\000\040\000d\000e\000l\000a\000y\000e\000d\000\040\000s\000i\000g\000n\000a\000l\000s}{subsection.5.1.2}% 53
\BOOKMARK [2][-]{subsection.5.1.3}{\376\377\0005\000.\0001\000.\0003\000\040\000T\000h\000e\000\040\000l\000o\000w\000-\000e\000n\000e\000r\000g\000y\000\040\000t\000h\000r\000e\000s\000h\000o\000l\000d\000\040\000i\000n\000\040\000w\000a\000t\000e\000r\000\040\000p\000h\000a\000s\000e}{section.5.1}% 54
\BOOKMARK [1][-]{section.5.2}{\376\377\0005\000.\0002\000\040\000T\000h\000e\000\040\000n\000e\000u\000t\000r\000o\000n\000\040\000c\000a\000p\000t\000u\000r\000e\000\040\000d\000e\000t\000e\000c\000t\000i\000n\000g\000\040\000a\000b\000i\000l\000i\000t\000y\000\040\000o\000f\000\040\000J\000U\000N\000O\000\040\000i\000n\000\040\000w\000a\000t\000e\000r\000\040\000p\000h\000a\000s\000e}{chapter.5}% 55
\BOOKMARK [2][-]{subsection.5.2.1}{\376\377\0005\000.\0002\000.\0001\000\040\000T\000h\000e\000\040\000m\000a\000x\000i\000m\000u\000m\000\040\000n\000e\000u\000t\000r\000o\000n\000\040\000d\000e\000t\000e\000c\000t\000i\000o\000n\000\040\000e\000f\000f\000i\000c\000i\000e\000n\000c\000y}{section.5.2}% 56
\BOOKMARK [2][-]{subsection.5.2.2}{\376\377\0005\000.\0002\000.\0002\000\040\000T\000h\000e\000\040\000h\000i\000g\000h\000e\000s\000t\000\040\000n\000e\000u\000t\000r\000o\000n\000\040\000d\000e\000t\000e\000c\000t\000i\000o\000n\000\040\000s\000i\000g\000n\000a\000l\000-\000t\000o\000-\000n\000o\000i\000s\000e\000\040\000r\000a\000t\000i\000o}{section.5.2}% 57
\BOOKMARK [2][-]{subsection.5.2.3}{\376\377\0005\000.\0002\000.\0003\000\040\000T\000h\000e\000\040\000b\000a\000l\000a\000n\000c\000e\000\040\000b\000e\000t\000w\000e\000e\000n\000\040\000n\000e\000u\000t\000r\000o\000n\000\040\000d\000e\000t\000e\000c\000t\000i\000o\000n\000\040\000e\000f\000f\000i\000c\000i\000e\000n\000c\000y\000\040\000a\000n\000d\000\040\000S\000N\000R}{section.5.2}% 58
\BOOKMARK [0][]{chapter.6}{\376\377\000C\000h\000a\000p\000t\000e\000r\000\040\0006\000\040\000T\000h\000e\000\040\000m\000e\000a\000s\000u\000r\000e\000m\000e\000n\000t\000\040\000o\000f\000\040\000s\000p\000a\000l\000l\000a\000t\000i\000o\000n\000\040\000n\000e\000u\000t\000r\000o\000n\000\040\000y\000i\000e\000l\000d\000\040\000i\000n\000\040\000w\000a\000t\000e\000r\000\040\000p\000h\000a\000s\000e}{thuchapter.1.-1}% 59
\BOOKMARK [1][-]{section.6.1}{\376\377\0006\000.\0001\000\040\000T\000h\000e\000\040\000r\000e\000c\000o\000n\000s\000t\000r\000u\000c\000t\000i\000o\000n\000\040\000o\000f\000\040\000m\000u\000o\000n\000\040\000t\000r\000a\000c\000k}{chapter.6}% 60
\BOOKMARK [1][-]{section.6.2}{\376\377\0006\000.\0002\000\040\000T\000h\000e\000\040\000s\000e\000a\000r\000c\000h\000\040\000f\000o\000r\000\040\000s\000p\000a\000l\000l\000a\000t\000i\000o\000n\000\040\000n\000e\000u\000t\000r\000o\000n}{chapter.6}% 61
\BOOKMARK [1][-]{section.6.3}{\376\377\0006\000.\0003\000\040\000T\000h\000e\000\040\000s\000p\000a\000l\000l\000a\000t\000i\000o\000n\000\040\000n\000e\000u\000t\000r\000o\000n\000\040\000y\000i\000e\000l\000d\000\040\000c\000a\000l\000c\000u\000l\000a\000t\000i\000o\000n}{chapter.6}% 62
\BOOKMARK [2][-]{subsection.6.3.1}{\376\377\0006\000.\0003\000.\0001\000\040\000C\000r\000o\000s\000s\000\040\000c\000h\000e\000c\000k\000\040\000u\000s\000i\000n\000g\000\040\000w\000a\000t\000e\000r\000-\000p\000o\000o\000l\000\040\000r\000e\000c\000o\000n\000s\000t\000r\000u\000c\000t\000e\000d\000\040\000m\000u\000o\000n}{section.6.3}% 63
\BOOKMARK [2][-]{subsection.6.3.2}{\376\377\0006\000.\0003\000.\0002\000\040\000T\000h\000e\000\040\000p\000r\000e\000d\000i\000c\000t\000i\000o\000n\000\040\000o\000f\000\040\000Y\000n\000\040\000i\000n\000\040\000w\000a\000t\000e\000r}{section.6.3}% 64
\BOOKMARK [0][]{chapter.7}{\376\377\000C\000h\000a\000p\000t\000e\000r\000\040\0007\000\040\000T\000h\000e\000\040\000o\000b\000s\000e\000r\000v\000a\000t\000i\000o\000n\000\040\000o\000f\000\040\000s\000o\000l\000a\000r\000\040\000n\000e\000u\000t\000r\000i\000n\000o}{thuchapter.1.-1}% 65
\BOOKMARK [1][-]{section.7.1}{\376\377\0007\000.\0001\000\040\000S\000e\000a\000r\000c\000h\000i\000n\000g\000\040\000f\000o\000r\000\040\000S\000o\000l\000a\000r\000\040\000n\000e\000u\000t\000r\000i\000n\000o\000\040\000s\000i\000g\000n\000a\000l\000s}{chapter.7}% 66
\BOOKMARK [2][-]{subsection.7.1.1}{\376\377\0007\000.\0001\000.\0001\000\040\000T\000h\000e\000\040\000d\000a\000t\000a\000s\000e\000t}{section.7.1}% 67
\BOOKMARK [2][-]{subsection.7.1.2}{\376\377\0007\000.\0001\000.\0002\000\040\000T\000h\000e\000\040\000s\000e\000l\000e\000c\000t\000i\000o\000n\000\040\000i\000n\000\040\000p\000r\000e\000l\000i\000m\000i\000n\000a\000r\000y\000\040\000r\000e\000c\000o\000n\000s\000t\000r\000u\000c\000t\000i\000o\000n}{section.7.1}% 68
\BOOKMARK [2][-]{subsection.7.1.3}{\376\377\0007\000.\0001\000.\0003\000\040\000T\000h\000e\000\040\000e\000n\000e\000r\000g\000y\000\040\000s\000e\000l\000e\000c\000t\000i\000o\000n}{section.7.1}% 69
\BOOKMARK [2][-]{subsection.7.1.4}{\376\377\0007\000.\0001\000.\0004\000\040\000T\000h\000e\000\040\000p\000o\000s\000i\000t\000i\000o\000n\000\040\000s\000e\000l\000e\000c\000t\000i\000o\000n}{section.7.1}% 70
\BOOKMARK [2][-]{subsection.7.1.5}{\376\377\0007\000.\0001\000.\0005\000\040\000T\000h\000e\000\040\000m\000u\000o\000n\000\040\000s\000p\000a\000l\000l\000a\000t\000i\000o\000n\000\040\000c\000u\000t}{section.7.1}% 71
\BOOKMARK [2][-]{subsection.7.1.6}{\376\377\0007\000.\0001\000.\0006\000\040\000T\000h\000e\000\040\000o\000b\000s\000e\000r\000v\000a\000t\000i\000o\000n\000\040\000o\000f\000\040\000s\000o\000l\000a\000r\000\040\000n\000e\000u\000t\000r\000i\000n\000o\000\040\000s\000i\000g\000n\000a\000l\000s}{section.7.1}% 72
\BOOKMARK [0][]{section*.100}{\376\377\000R\000e\000f\000e\000r\000e\000n\000c\000e\000s}{thuchapter.1.-1}% 73
