\BOOKMARK [-1][]{thuchapter.1.-1}{\376\377\000J\000U\000N\000O\154\064\166\370\116\055\131\052\226\063\116\055\137\256\133\120\117\341\123\367\133\373\142\176}{}% 1
\BOOKMARK [0][]{section*.2}{\376\377\000T\000a\000b\000l\000e\000\040\000o\000f\000\040\000C\000o\000n\000t\000e\000n\000t\000s}{thuchapter.1.-1}% 2
\BOOKMARK [0][]{chapter.1}{\376\377\000C\000h\000a\000p\000t\000e\000r\000\040\0001\000\040\000I\000n\000t\000r\000o\000d\000u\000c\000t\000i\000o\000n}{thuchapter.1.-1}% 3
\BOOKMARK [0][]{chapter.2}{\376\377\000C\000h\000a\000p\000t\000e\000r\000\040\0002\000\040\000T\000h\000e\000\040\000J\000U\000N\000O\000\040\000d\000e\000t\000e\000c\000t\000o\000r}{thuchapter.1.-1}% 4
\BOOKMARK [0][]{chapter.3}{\376\377\000C\000h\000a\000p\000t\000e\000r\000\040\0003\000\040\000T\000h\000e\000\040\000P\000M\000T\000\040\000c\000a\000l\000i\000b\000r\000a\000t\000i\000o\000n\000\040\000i\000n\000\040\000w\000a\000t\000e\000r\000\040\000p\000h\000a\000s\000e}{thuchapter.1.-1}% 5
\BOOKMARK [1][-]{section.3.1}{\376\377\0003\000.\0001\000\040\000T\000h\000e\000\040\000s\000i\000n\000g\000l\000e\000\040\000e\000l\000e\000c\000t\000r\000o\000n\000\040\000r\000e\000s\000p\000o\000n\000s\000e\000\040\000o\000f\000\040\000M\000C\000P\000-\000P\000M\000T\000s}{chapter.3}% 6
\BOOKMARK [2][-]{subsection.3.1.1}{\376\377\0003\000.\0001\000.\0001\000\040\000G\000a\000m\000m\000a\000-\000D\000i\000s\000t\000r\000i\000b\000u\000t\000e\000d\000\040\000S\000E\000R\000\040\000c\000h\000a\000r\000g\000e\000s}{section.3.1}% 7
\BOOKMARK [2][-]{subsection.3.1.2}{\376\377\0003\000.\0001\000.\0002\000\040\000J\000u\000m\000b\000o\000\040\000C\000h\000a\000r\000g\000e\000s\000\040\000t\000h\000r\000o\000u\000g\000h\000\040\000E\000x\000t\000r\000a\000\040\000M\000u\000l\000t\000i\000p\000l\000i\000c\000a\000t\000i\000o\000n}{section.3.1}% 8
\BOOKMARK [3][-]{subsubsection.3.1.2.1}{\376\377\0003\000.\0001\000.\0002\000.\0001\000\040\000F\000u\000r\000m\000a\000n\000\040\000p\000r\000o\000b\000a\000b\000i\000l\000i\000s\000t\000i\000c\000\040\000m\000o\000d\000e\000l}{subsection.3.1.2}% 9
\BOOKMARK [3][-]{subsubsection.3.1.2.2}{\376\377\0003\000.\0001\000.\0002\000.\0002\000\040\000A\000n\000\040\000e\000x\000t\000r\000a\000\040\000m\000u\000l\000t\000i\000p\000l\000i\000c\000a\000t\000i\000o\000n\000\040\000m\000o\000d\000e}{subsection.3.1.2}% 10
\BOOKMARK [3][-]{subsubsection.3.1.2.3}{\376\377\0003\000.\0001\000.\0002\000.\0003\000\040\000V\000o\000l\000t\000a\000g\000e\000-\000d\000i\000v\000i\000s\000i\000o\000n\000\040\000E\000x\000p\000e\000r\000i\000m\000e\000n\000t}{subsection.3.1.2}% 11
\BOOKMARK [3][-]{subsubsection.3.1.2.4}{\376\377\0003\000.\0001\000.\0002\000.\0004\000\040\000C\000h\000a\000r\000g\000e\000-\000S\000p\000e\000c\000t\000r\000a\000\040\000D\000e\000c\000o\000m\000p\000o\000s\000i\000t\000i\000o\000n}{subsection.3.1.2}% 12
\BOOKMARK [2][-]{subsection.3.1.3}{\376\377\0003\000.\0001\000.\0003\000\040\000P\000a\000r\000a\000m\000e\000t\000e\000r\000\040\000E\000x\000t\000r\000a\000c\000t\000i\000o\000n\000\040\000f\000r\000o\000m\000\040\000D\000a\000t\000a}{section.3.1}% 13
\BOOKMARK [2][-]{subsection.3.1.4}{\376\377\0003\000.\0001\000.\0004\000\040\000G\000a\000m\000m\000a\000-\000T\000w\000e\000e\000d\000i\000e\000\040\000m\000o\000d\000e\000l\000\040\000f\000o\000r\000\040\000M\000C\000P\000-\000P\000M\000T}{section.3.1}% 14
\BOOKMARK [1][-]{section.3.2}{\376\377\0003\000.\0002\000\040\000T\000h\000e\000\040\000t\000i\000m\000i\000n\000g\000\040\000c\000a\000l\000i\000b\000r\000a\000t\000i\000o\000n}{chapter.3}% 15
\BOOKMARK [1][-]{section.3.3}{\376\377\0003\000.\0003\000\040\000T\000h\000e\000\040\000d\000a\000r\000k\000\040\000c\000o\000u\000n\000t\000\040\000r\000a\000t\000e}{chapter.3}% 16
\BOOKMARK [0][]{chapter.4}{\376\377\000C\000h\000a\000p\000t\000e\000r\000\040\0004\000\040\000T\000h\000e\000\040\000r\000e\000c\000o\000n\000s\000t\000r\000u\000c\000t\000i\000o\000n\000\040\000f\000o\000r\000\040\000t\000h\000e\000\040\000w\000a\000t\000e\000r\000-\000p\000h\000a\000s\000e}{thuchapter.1.-1}% 17
\BOOKMARK [1][-]{section.4.1}{\376\377\0004\000.\0001\000\040\000T\000h\000e\000\040\000L\000i\000k\000e\000l\000i\000h\000o\000o\000d\000\040\000f\000u\000n\000c\000t\000i\000o\000n}{chapter.4}% 18
\BOOKMARK [1][-]{section.4.2}{\376\377\0004\000.\0002\000\040\000R\000e\000s\000p\000o\000n\000s\000e\000\040\000o\000f\000\040\000t\000h\000e\000\040\000w\000a\000t\000e\000r\000-\000p\000h\000a\000s\000e\000\040\000d\000e\000c\000t\000o\000r}{chapter.4}% 19
\BOOKMARK [2][-]{subsection.4.2.1}{\376\377\0004\000.\0002\000.\0001\000\040\000T\000h\000e\000\040\000C\000h\000e\000r\000e\000n\000k\000o\000v\000\040\000e\000m\000i\000s\000s\000i\000o\000n\000\040\000p\000r\000o\000f\000i\000l\000e}{section.4.2}% 20
\BOOKMARK [2][-]{subsection.4.2.2}{\376\377\0004\000.\0002\000.\0002\000\040\000T\000h\000e\000\040\000c\000a\000l\000c\000u\000l\000a\000t\000i\000o\000n\000\040\000o\000f\000\040\000d\000i\000r\000e\000c\000t\000\040\000l\000i\000g\000h\000t}{section.4.2}% 21
\BOOKMARK [3][-]{subsubsection.4.2.2.1}{\376\377\0004\000.\0002\000.\0002\000.\0001\000\040\000T\000h\000e\000\040\000s\000o\000l\000i\000d\000\040\000a\000n\000g\000l\000e\000\040\000f\000a\000c\000t\000o\000r}{subsection.4.2.2}% 22
\BOOKMARK [3][-]{subsubsection.4.2.2.2}{\376\377\0004\000.\0002\000.\0002\000.\0002\000\040\000T\000h\000e\000\040\000t\000r\000a\000n\000s\000m\000i\000s\000s\000i\000o\000n\000\040\000f\000a\000c\000t\000o\000r}{subsection.4.2.2}% 23
\BOOKMARK [3][-]{subsubsection.4.2.2.3}{\376\377\0004\000.\0002\000.\0002\000.\0003\000\040\000P\000M\000T\000\040\000a\000n\000g\000u\000l\000a\000r\000\040\000a\000c\000c\000p\000t\000a\000n\000c\000e}{subsection.4.2.2}% 24
\BOOKMARK [1][-]{section.4.3}{\376\377\0004\000.\0003\000\040\000T\000h\000e\000\040\000F\000a\000s\000t\000\040\000r\000e\000c\000o\000n\000s\000t\000r\000u\000c\000t\000i\000o\000n\000\040\000\050\000F\000R\000E\000\051\000\040\000o\000f\000\040\000t\000h\000e\000\040\000J\000U\000N\000O\000\040\000w\000a\000t\000e\000r\000-\000p\000h\000a\000s\000e}{chapter.4}% 25
\BOOKMARK [1][-]{section.4.4}{\376\377\0004\000.\0004\000\040\000T\000h\000e\000\040\000e\000v\000a\000l\000u\000a\000t\000i\000o\000n\000\040\000o\000f\000\040\000r\000e\000c\000o\000n\000s\000t\000r\000u\000c\000t\000i\000o\000n\000s}{chapter.4}% 26
\BOOKMARK [2][-]{subsection.4.4.1}{\376\377\0004\000.\0004\000.\0001\000\040\000T\000h\000e\000\040\000p\000a\000r\000a\000m\000e\000t\000e\000r\000s\000\040\000u\000s\000e\000d\000\040\000i\000n\000\040\000t\000h\000e\000\040\000r\000e\000c\000o\000n\000s\000t\000r\000u\000c\000t\000i\000o\000n}{section.4.4}% 27
\BOOKMARK [2][-]{subsection.4.4.2}{\376\377\0004\000.\0004\000.\0002\000\040\000T\000h\000e\000\040\000r\000e\000c\000o\000n\000s\000t\000r\000u\000c\000t\000i\000o\000n\000\040\000g\000o\000o\000d\000n\000e\000s\000s\000\040\000o\000f\000\040\000r\000e\000c\000o\000n\000s\000t\000r\000u\000c\000t\000i\000o\000n}{section.4.4}% 28
\BOOKMARK [2][-]{subsection.4.4.3}{\376\377\0004\000.\0004\000.\0003\000\040\000I\000n\000\040\000t\000h\000e\000\040\000d\000e\000c\000t\000o\000r\000\040\000s\000i\000m\000u\000l\000a\000t\000i\000o\000n}{section.4.4}% 29
\BOOKMARK [2][-]{subsection.4.4.4}{\376\377\0004\000.\0004\000.\0004\000\040\000I\000n\000\040\000t\000h\000e\000\040\000e\000l\000e\000c\000t\000r\000o\000n\000i\000c\000\040\000s\000i\000m\000u\000l\000a\000t\000i\000o\000n}{section.4.4}% 30
\BOOKMARK [0][]{section*.23}{\376\377\000R\000e\000f\000e\000r\000e\000n\000c\000e\000s}{thuchapter.1.-1}% 31
